{"uuid":"69969e07-df8a-4c7f-b2e0-0ba5a6654d9d","historyId":"5debfc97d0057dcfbc527ffba4bbd37c","fullName":"Shopping cart: add item to the cart","labels":[{"name":"tag","value":"testing"},{"name":"host","value":"Dmytros-MacBook-Pro.local"},{"name":"thread","value":"6820@Dmytros-MacBook-Pro.local.main(1)"},{"name":"feature","value":"Shopping cart"},{"name":"story","value":"add item to the cart"},{"name":"suite","value":"Shopping cart"},{"name":"testClass","value":"add item to the cart"},{"name":"framework","value":"cucumber4jvm"},{"name":"language","value":"java"},{"name":"gherkin_uri","value":"file:///Users/dkaplunskyi/IdeaProjects/demoblaze_bdd/src/test/resources/features/shopping_cart.feature"},{"name":"package","value":"src.test.resources.features.shopping_cart_feature.Shopping cart"}],"links":[],"name":"add item to the cart","status":"broken","statusDetails":{"known":false,"muted":false,"flaky":false,"message":"Unable to locate element: #tbodyid > div:nth-child(1) > div > div > h4 > a\nFor documentation on this error, please visit: https://selenium.dev/exceptions/#no_such_element\nBuild info: version: '4.0.0', revision: '3a21814679'\nSystem info: host: 'Dmytros-MacBook-Pro.local', ip: '2600:381:499c:a7dc:5499:ba6d:b74f:f8a4%en0', os.name: 'Mac OS X', os.arch: 'aarch64', os.version: '12.5', java.version: '17'\nDriver info: org.openqa.selenium.firefox.FirefoxDriver\nCommand: [2ee346a3-41e4-414a-aa54-4e3aa5511040, findElement {using=css selector, value=#tbodyid > div:nth-child(1) > div > div > h4 > a}]\nCapabilities {acceptInsecureCerts: true, browserName: firefox, browserVersion: 103.0.2, javascriptEnabled: true, moz:accessibilityChecks: false, moz:buildID: 20220808125904, moz:debuggerAddress: localhost:56056, moz:geckodriverVersion: 0.31.0, moz:headless: false, moz:platformVersion: 21.6.0, moz:processID: 6851, moz:profile: /var/folders/cg/5l6bcwvx01x..., moz:shutdownTimeout: 60000, moz:useNonSpecCompliantPointerOrigin: false, moz:webdriverClick: true, moz:windowless: false, pageLoadStrategy: normal, platform: MAC, platformName: MAC, proxy: Proxy(), se:cdp: ws://localhost:56056/devtoo..., se:cdpVersion: 85, setWindowRect: true, strictFileInteractability: false, timeouts: {implicit: 0, pageLoad: 300000, script: 30000}, unhandledPromptBehavior: dismiss and notify}\nSession ID: 2ee346a3-41e4-414a-aa54-4e3aa5511040","trace":"org.openqa.selenium.NoSuchElementException: Unable to locate element: #tbodyid > div:nth-child(1) > div > div > h4 > a\nFor documentation on this error, please visit: https://selenium.dev/exceptions/#no_such_element\nBuild info: version: '4.0.0', revision: '3a21814679'\nSystem info: host: 'Dmytros-MacBook-Pro.local', ip: '2600:381:499c:a7dc:5499:ba6d:b74f:f8a4%en0', os.name: 'Mac OS X', os.arch: 'aarch64', os.version: '12.5', java.version: '17'\nDriver info: org.openqa.selenium.firefox.FirefoxDriver\nCommand: [2ee346a3-41e4-414a-aa54-4e3aa5511040, findElement {using=css selector, value=#tbodyid > div:nth-child(1) > div > div > h4 > a}]\nCapabilities {acceptInsecureCerts: true, browserName: firefox, browserVersion: 103.0.2, javascriptEnabled: true, moz:accessibilityChecks: false, moz:buildID: 20220808125904, moz:debuggerAddress: localhost:56056, moz:geckodriverVersion: 0.31.0, moz:headless: false, moz:platformVersion: 21.6.0, moz:processID: 6851, moz:profile: /var/folders/cg/5l6bcwvx01x..., moz:shutdownTimeout: 60000, moz:useNonSpecCompliantPointerOrigin: false, moz:webdriverClick: true, moz:windowless: false, pageLoadStrategy: normal, platform: MAC, platformName: MAC, proxy: Proxy(), se:cdp: ws://localhost:56056/devtoo..., se:cdpVersion: 85, setWindowRect: true, strictFileInteractability: false, timeouts: {implicit: 0, pageLoad: 300000, script: 30000}, unhandledPromptBehavior: dismiss and notify}\nSession ID: 2ee346a3-41e4-414a-aa54-4e3aa5511040\n\tat java.base/jdk.internal.reflect.NativeConstructorAccessorImpl.newInstance0(Native Method)\n\tat java.base/jdk.internal.reflect.NativeConstructorAccessorImpl.newInstance(NativeConstructorAccessorImpl.java:77)\n\tat java.base/jdk.internal.reflect.DelegatingConstructorAccessorImpl.newInstance(DelegatingConstructorAccessorImpl.java:45)\n\tat java.base/java.lang.reflect.Constructor.newInstanceWithCaller(Constructor.java:499)\n\tat java.base/java.lang.reflect.Constructor.newInstance(Constructor.java:480)\n\tat org.openqa.selenium.remote.codec.w3c.W3CHttpResponseCodec.createException(W3CHttpResponseCodec.java:200)\n\tat org.openqa.selenium.remote.codec.w3c.W3CHttpResponseCodec.decode(W3CHttpResponseCodec.java:133)\n\tat org.openqa.selenium.remote.codec.w3c.W3CHttpResponseCodec.decode(W3CHttpResponseCodec.java:53)\n\tat org.openqa.selenium.remote.HttpCommandExecutor.execute(HttpCommandExecutor.java:184)\n\tat org.openqa.selenium.remote.service.DriverCommandExecutor.invokeExecute(DriverCommandExecutor.java:164)\n\tat org.openqa.selenium.remote.service.DriverCommandExecutor.execute(DriverCommandExecutor.java:139)\n\tat org.openqa.selenium.remote.RemoteWebDriver.execute(RemoteWebDriver.java:559)\n\tat org.openqa.selenium.remote.ElementLocation$ElementFinder$2.findElement(ElementLocation.java:162)\n\tat org.openqa.selenium.remote.ElementLocation.findElement(ElementLocation.java:60)\n\tat org.openqa.selenium.remote.RemoteWebDriver.findElement(RemoteWebDriver.java:383)\n\tat org.openqa.selenium.remote.RemoteWebDriver.findElement(RemoteWebDriver.java:375)\n\tat org.openqa.selenium.support.pagefactory.DefaultElementLocator.findElement(DefaultElementLocator.java:70)\n\tat org.openqa.selenium.support.pagefactory.internal.LocatingElementHandler.invoke(LocatingElementHandler.java:39)\n\tat jdk.proxy2/jdk.proxy2.$Proxy27.click(Unknown Source)\n\tat com.demoblaze.steps.Shopping_cart_Steps.selectAProductOnHomePage(Shopping_cart_Steps.java:21)\n\tat ✽.select a product on home page(file:///Users/dkaplunskyi/IdeaProjects/demoblaze_bdd/src/test/resources/features/shopping_cart.feature:6)\n"},"stage":"finished","description":"  user should be able place an order successfully","steps":[{"name":"When  select a product on home page","status":"broken","statusDetails":{"known":false,"muted":false,"flaky":false,"message":"Unable to locate element: #tbodyid > div:nth-child(1) > div > div > h4 > a\nFor documentation on this error, please visit: https://selenium.dev/exceptions/#no_such_element\nBuild info: version: '4.0.0', revision: '3a21814679'\nSystem info: host: 'Dmytros-MacBook-Pro.local', ip: '2600:381:499c:a7dc:5499:ba6d:b74f:f8a4%en0', os.name: 'Mac OS X', os.arch: 'aarch64', os.version: '12.5', java.version: '17'\nDriver info: org.openqa.selenium.firefox.FirefoxDriver\nCommand: [2ee346a3-41e4-414a-aa54-4e3aa5511040, findElement {using=css selector, value=#tbodyid > div:nth-child(1) > div > div > h4 > a}]\nCapabilities {acceptInsecureCerts: true, browserName: firefox, browserVersion: 103.0.2, javascriptEnabled: true, moz:accessibilityChecks: false, moz:buildID: 20220808125904, moz:debuggerAddress: localhost:56056, moz:geckodriverVersion: 0.31.0, moz:headless: false, moz:platformVersion: 21.6.0, moz:processID: 6851, moz:profile: /var/folders/cg/5l6bcwvx01x..., moz:shutdownTimeout: 60000, moz:useNonSpecCompliantPointerOrigin: false, moz:webdriverClick: true, moz:windowless: false, pageLoadStrategy: normal, platform: MAC, platformName: MAC, proxy: Proxy(), se:cdp: ws://localhost:56056/devtoo..., se:cdpVersion: 85, setWindowRect: true, strictFileInteractability: false, timeouts: {implicit: 0, pageLoad: 300000, script: 30000}, unhandledPromptBehavior: dismiss and notify}\nSession ID: 2ee346a3-41e4-414a-aa54-4e3aa5511040","trace":"org.openqa.selenium.NoSuchElementException: Unable to locate element: #tbodyid > div:nth-child(1) > div > div > h4 > a\nFor documentation on this error, please visit: https://selenium.dev/exceptions/#no_such_element\nBuild info: version: '4.0.0', revision: '3a21814679'\nSystem info: host: 'Dmytros-MacBook-Pro.local', ip: '2600:381:499c:a7dc:5499:ba6d:b74f:f8a4%en0', os.name: 'Mac OS X', os.arch: 'aarch64', os.version: '12.5', java.version: '17'\nDriver info: org.openqa.selenium.firefox.FirefoxDriver\nCommand: [2ee346a3-41e4-414a-aa54-4e3aa5511040, findElement {using=css selector, value=#tbodyid > div:nth-child(1) > div > div > h4 > a}]\nCapabilities {acceptInsecureCerts: true, browserName: firefox, browserVersion: 103.0.2, javascriptEnabled: true, moz:accessibilityChecks: false, moz:buildID: 20220808125904, moz:debuggerAddress: localhost:56056, moz:geckodriverVersion: 0.31.0, moz:headless: false, moz:platformVersion: 21.6.0, moz:processID: 6851, moz:profile: /var/folders/cg/5l6bcwvx01x..., moz:shutdownTimeout: 60000, moz:useNonSpecCompliantPointerOrigin: false, moz:webdriverClick: true, moz:windowless: false, pageLoadStrategy: normal, platform: MAC, platformName: MAC, proxy: Proxy(), se:cdp: ws://localhost:56056/devtoo..., se:cdpVersion: 85, setWindowRect: true, strictFileInteractability: false, timeouts: {implicit: 0, pageLoad: 300000, script: 30000}, unhandledPromptBehavior: dismiss and notify}\nSession ID: 2ee346a3-41e4-414a-aa54-4e3aa5511040\n\tat java.base/jdk.internal.reflect.NativeConstructorAccessorImpl.newInstance0(Native Method)\n\tat java.base/jdk.internal.reflect.NativeConstructorAccessorImpl.newInstance(NativeConstructorAccessorImpl.java:77)\n\tat java.base/jdk.internal.reflect.DelegatingConstructorAccessorImpl.newInstance(DelegatingConstructorAccessorImpl.java:45)\n\tat java.base/java.lang.reflect.Constructor.newInstanceWithCaller(Constructor.java:499)\n\tat java.base/java.lang.reflect.Constructor.newInstance(Constructor.java:480)\n\tat org.openqa.selenium.remote.codec.w3c.W3CHttpResponseCodec.createException(W3CHttpResponseCodec.java:200)\n\tat org.openqa.selenium.remote.codec.w3c.W3CHttpResponseCodec.decode(W3CHttpResponseCodec.java:133)\n\tat org.openqa.selenium.remote.codec.w3c.W3CHttpResponseCodec.decode(W3CHttpResponseCodec.java:53)\n\tat org.openqa.selenium.remote.HttpCommandExecutor.execute(HttpCommandExecutor.java:184)\n\tat org.openqa.selenium.remote.service.DriverCommandExecutor.invokeExecute(DriverCommandExecutor.java:164)\n\tat org.openqa.selenium.remote.service.DriverCommandExecutor.execute(DriverCommandExecutor.java:139)\n\tat org.openqa.selenium.remote.RemoteWebDriver.execute(RemoteWebDriver.java:559)\n\tat org.openqa.selenium.remote.ElementLocation$ElementFinder$2.findElement(ElementLocation.java:162)\n\tat org.openqa.selenium.remote.ElementLocation.findElement(ElementLocation.java:60)\n\tat org.openqa.selenium.remote.RemoteWebDriver.findElement(RemoteWebDriver.java:383)\n\tat org.openqa.selenium.remote.RemoteWebDriver.findElement(RemoteWebDriver.java:375)\n\tat org.openqa.selenium.support.pagefactory.DefaultElementLocator.findElement(DefaultElementLocator.java:70)\n\tat org.openqa.selenium.support.pagefactory.internal.LocatingElementHandler.invoke(LocatingElementHandler.java:39)\n\tat jdk.proxy2/jdk.proxy2.$Proxy27.click(Unknown Source)\n\tat com.demoblaze.steps.Shopping_cart_Steps.selectAProductOnHomePage(Shopping_cart_Steps.java:21)\n\tat ✽.select a product on home page(file:///Users/dkaplunskyi/IdeaProjects/demoblaze_bdd/src/test/resources/features/shopping_cart.feature:6)\n"},"stage":"finished","steps":[],"attachments":[],"parameters":[],"start":1660692531009,"stop":1660692541045},{"name":"Then  click on Add to cart button","status":"skipped","statusDetails":{"known":false,"muted":false,"flaky":false},"stage":"finished","steps":[],"attachments":[],"parameters":[],"start":1660692541046,"stop":1660692541046},{"name":"Then  click Cart link on the header","status":"skipped","statusDetails":{"known":false,"muted":false,"flaky":false},"stage":"finished","steps":[],"attachments":[],"parameters":[],"start":1660692541046,"stop":1660692541046},{"name":"And  verify that the item added to cart","status":"skipped","statusDetails":{"known":false,"muted":false,"flaky":false},"stage":"finished","steps":[],"attachments":[],"parameters":[],"start":1660692541047,"stop":1660692541047}],"attachments":[],"parameters":[],"start":1660692528088,"stop":1660692541488}